<?xml version="1.0" encoding="UTF-8"?>
<coverage generated="1649019030456" clover="3.2.0">
  <project timestamp="1649019030456" name="All files">
    <metrics statements="90" coveredstatements="69" conditionals="57" coveredconditionals="31" methods="23" coveredmethods="17" elements="170" coveredelements="117" complexity="0" loc="90" ncloc="90" packages="1" files="3" classes="3"/>
    <file name="controllers.js" path="/home/rodrigodev/Documentos/check-ticket/src/controllers.js">
      <metrics statements="53" coveredstatements="42" conditionals="31" coveredconditionals="19" methods="11" coveredmethods="9"/>
      <line num="1" count="2" type="stmt"/>
      <line num="3" count="2" type="stmt"/>
      <line num="5" count="18" type="stmt"/>
      <line num="6" count="18" type="stmt"/>
      <line num="8" count="18" type="stmt"/>
      <line num="11" count="36" type="cond" truecount="2" falsecount="0"/>
      <line num="12" count="28" type="stmt"/>
      <line num="13" count="28" type="cond" truecount="2" falsecount="0"/>
      <line num="14" count="28" type="stmt"/>
      <line num="17" count="36" type="stmt"/>
      <line num="18" count="36" type="stmt"/>
      <line num="20" count="36" type="cond" truecount="3" falsecount="1"/>
      <line num="21" count="36" type="cond" truecount="1" falsecount="1"/>
      <line num="22" count="36" type="stmt"/>
      <line num="25" count="0" type="stmt"/>
      <line num="28" count="36" type="cond" truecount="2" falsecount="0"/>
      <line num="29" count="36" type="stmt"/>
      <line num="30" count="36" type="cond" truecount="2" falsecount="0"/>
      <line num="32" count="36" type="stmt"/>
      <line num="35" count="36" type="stmt"/>
      <line num="37" count="36" type="stmt"/>
      <line num="39" count="636" type="cond" truecount="2" falsecount="0"/>
      <line num="40" count="636" type="cond" truecount="2" falsecount="0"/>
      <line num="41" count="130" type="stmt"/>
      <line num="42" count="130" type="stmt"/>
      <line num="45" count="636" type="stmt"/>
      <line num="49" count="36" type="stmt"/>
      <line num="50" count="36" type="stmt"/>
      <line num="52" count="36" type="stmt"/>
      <line num="55" count="0" type="stmt"/>
      <line num="57" count="0" type="stmt"/>
      <line num="58" count="0" type="stmt"/>
      <line num="60" count="0" type="stmt"/>
      <line num="61" count="0" type="cond" truecount="0" falsecount="2"/>
      <line num="62" count="0" type="stmt"/>
      <line num="66" count="0" type="stmt"/>
      <line num="67" count="0" type="cond" truecount="0" falsecount="2"/>
      <line num="68" count="0" type="cond" truecount="0" falsecount="5"/>
      <line num="70" count="0" type="stmt"/>
      <line num="74" count="8" type="stmt"/>
      <line num="77" count="6" type="cond" truecount="2" falsecount="0"/>
      <line num="78" count="2" type="stmt"/>
      <line num="79" count="2" type="stmt"/>
      <line num="80" count="2" type="stmt"/>
      <line num="81" count="2" type="cond" truecount="1" falsecount="1"/>
      <line num="84" count="4" type="stmt"/>
      <line num="85" count="4" type="stmt"/>
      <line num="88" count="4" type="stmt"/>
      <line num="89" count="4" type="stmt"/>
      <line num="91" count="4" type="stmt"/>
      <line num="95" count="8" type="stmt"/>
      <line num="96" count="8" type="stmt"/>
      <line num="99" count="18" type="stmt"/>
    </file>
    <file name="services.js" path="/home/rodrigodev/Documentos/check-ticket/src/services.js">
      <metrics statements="16" coveredstatements="13" conditionals="16" coveredconditionals="10" methods="4" coveredmethods="1"/>
      <line num="1" count="1" type="stmt"/>
      <line num="2" count="1" type="stmt"/>
      <line num="20" count="1" type="stmt"/>
      <line num="22" count="4" type="stmt"/>
      <line num="23" count="0" type="stmt"/>
      <line num="24" count="0" type="stmt"/>
      <line num="25" count="0" type="stmt"/>
      <line num="28" count="4" type="cond" truecount="3" falsecount="1"/>
      <line num="36" count="4" type="stmt"/>
      <line num="39" count="4" type="cond" truecount="1" falsecount="1"/>
      <line num="40" count="4" type="cond" truecount="1" falsecount="1"/>
      <line num="41" count="4" type="cond" truecount="1" falsecount="1"/>
      <line num="42" count="4" type="cond" truecount="3" falsecount="1"/>
      <line num="44" count="4" type="stmt"/>
      <line num="45" count="4" type="cond" truecount="1" falsecount="1"/>
      <line num="47" count="4" type="stmt"/>
    </file>
    <file name="utils.js" path="/home/rodrigodev/Documentos/check-ticket/src/utils.js">
      <metrics statements="21" coveredstatements="14" conditionals="10" coveredconditionals="2" methods="8" coveredmethods="7"/>
      <line num="1" count="2" type="stmt"/>
      <line num="2" count="4" type="stmt"/>
      <line num="4" count="2" type="cond" truecount="2" falsecount="0"/>
      <line num="7" count="0" type="cond" truecount="0" falsecount="4"/>
      <line num="8" count="0" type="stmt"/>
      <line num="9" count="0" type="stmt"/>
      <line num="11" count="0" type="cond" truecount="0" falsecount="2"/>
      <line num="12" count="0" type="stmt"/>
      <line num="13" count="0" type="cond" truecount="0" falsecount="2"/>
      <line num="14" count="0" type="stmt"/>
      <line num="17" count="18" type="stmt"/>
      <line num="19" count="18" type="stmt"/>
      <line num="21" count="10" type="stmt"/>
      <line num="28" count="10" type="stmt"/>
      <line num="38" count="8" type="stmt"/>
      <line num="39" count="384" type="stmt"/>
      <line num="41" count="8" type="stmt"/>
      <line num="52" count="18" type="stmt"/>
      <line num="53" count="792" type="stmt"/>
      <line num="54" count="18" type="stmt"/>
      <line num="61" count="18" type="stmt"/>
    </file>
  </project>
</coverage>
