{"/home/rodrigodev/Documentos/check-ticket/src/controllers.js": {"path":"/home/rodrigodev/Documentos/check-ticket/src/controllers.js","statementMap":{"0":{"start":{"line":1,"column":14},"end":{"line":1,"column":32}},"1":{"start":{"line":3,"column":0},"end":{"line":101,"column":1}},"2":{"start":{"line":5,"column":8},"end":{"line":5,"column":61}},"3":{"start":{"line":6,"column":21},"end":{"line":6,"column":64}},"4":{"start":{"line":8,"column":23},"end":{"line":98,"column":9}},"5":{"start":{"line":11,"column":16},"end":{"line":11,"column":83}},"6":{"start":{"line":11,"column":40},"end":{"line":11,"column":83}},"7":{"start":{"line":12,"column":16},"end":{"line":12,"column":33}},"8":{"start":{"line":13,"column":39},"end":{"line":13,"column":149}},"9":{"start":{"line":14,"column":16},"end":{"line":14,"column":37}},"10":{"start":{"line":17,"column":43},"end":{"line":17,"column":58}},"11":{"start":{"line":18,"column":45},"end":{"line":18,"column":79}},"12":{"start":{"line":20,"column":16},"end":{"line":23,"column":17}},"13":{"start":{"line":21,"column":20},"end":{"line":21,"column":94}},"14":{"start":{"line":21,"column":46},"end":{"line":21,"column":94}},"15":{"start":{"line":22,"column":20},"end":{"line":22,"column":65}},"16":{"start":{"line":25,"column":16},"end":{"line":25,"column":64}},"17":{"start":{"line":28,"column":44},"end":{"line":28,"column":124}},"18":{"start":{"line":29,"column":33},"end":{"line":29,"column":88}},"19":{"start":{"line":30,"column":16},"end":{"line":30,"column":78}},"20":{"start":{"line":30,"column":54},"end":{"line":30,"column":78}},"21":{"start":{"line":32,"column":16},"end":{"line":32,"column":31}},"22":{"start":{"line":35,"column":37},"end":{"line":35,"column":82}},"23":{"start":{"line":37,"column":32},"end":{"line":47,"column":21}},"24":{"start":{"line":39,"column":42},"end":{"line":39,"column":65}},"25":{"start":{"line":40,"column":20},"end":{"line":43,"column":21}},"26":{"start":{"line":41,"column":24},"end":{"line":41,"column":63}},"27":{"start":{"line":42,"column":24},"end":{"line":42,"column":94}},"28":{"start":{"line":45,"column":20},"end":{"line":45,"column":50}},"29":{"start":{"line":49,"column":32},"end":{"line":49,"column":62}},"30":{"start":{"line":50,"column":33},"end":{"line":50,"column":52}},"31":{"start":{"line":52,"column":16},"end":{"line":52,"column":60}},"32":{"start":{"line":55,"column":37},"end":{"line":55,"column":82}},"33":{"start":{"line":57,"column":32},"end":{"line":57,"column":34}},"34":{"start":{"line":58,"column":28},"end":{"line":58,"column":29}},"35":{"start":{"line":60,"column":32},"end":{"line":63,"column":21}},"36":{"start":{"line":61,"column":20},"end":{"line":61,"column":43}},"37":{"start":{"line":61,"column":34},"end":{"line":61,"column":43}},"38":{"start":{"line":62,"column":20},"end":{"line":62,"column":50}},"39":{"start":{"line":66,"column":33},"end":{"line":66,"column":64}},"40":{"start":{"line":67,"column":16},"end":{"line":67,"column":65}},"41":{"start":{"line":67,"column":51},"end":{"line":67,"column":65}},"42":{"start":{"line":68,"column":16},"end":{"line":68,"column":89}},"43":{"start":{"line":68,"column":75},"end":{"line":68,"column":89}},"44":{"start":{"line":70,"column":16},"end":{"line":70,"column":60}},"45":{"start":{"line":74,"column":30},"end":{"line":74,"column":51}},"46":{"start":{"line":77,"column":16},"end":{"line":86,"column":17}},"47":{"start":{"line":78,"column":20},"end":{"line":78,"column":36}},"48":{"start":{"line":79,"column":20},"end":{"line":79,"column":81}},"49":{"start":{"line":80,"column":20},"end":{"line":80,"column":71}},"50":{"start":{"line":81,"column":20},"end":{"line":81,"column":65}},"51":{"start":{"line":81,"column":49},"end":{"line":81,"column":65}},"52":{"start":{"line":84,"column":20},"end":{"line":84,"column":43}},"53":{"start":{"line":85,"column":20},"end":{"line":85,"column":80}},"54":{"start":{"line":88,"column":16},"end":{"line":88,"column":41}},"55":{"start":{"line":89,"column":16},"end":{"line":89,"column":59}},"56":{"start":{"line":91,"column":16},"end":{"line":91,"column":27}},"57":{"start":{"line":95,"column":31},"end":{"line":95,"column":67}},"58":{"start":{"line":96,"column":16},"end":{"line":96,"column":81}},"59":{"start":{"line":99,"column":8},"end":{"line":99,"column":21}}},"fnMap":{"0":{"name":"(anonymous_0)","decl":{"start":{"line":4,"column":4},"end":{"line":4,"column":5}},"loc":{"start":{"line":4,"column":29},"end":{"line":100,"column":5}},"line":4},"1":{"name":"(anonymous_1)","decl":{"start":{"line":10,"column":12},"end":{"line":10,"column":13}},"loc":{"start":{"line":10,"column":40},"end":{"line":15,"column":13}},"line":10},"2":{"name":"(anonymous_2)","decl":{"start":{"line":16,"column":12},"end":{"line":16,"column":13}},"loc":{"start":{"line":16,"column":34},"end":{"line":26,"column":13}},"line":16},"3":{"name":"(anonymous_3)","decl":{"start":{"line":27,"column":12},"end":{"line":27,"column":13}},"loc":{"start":{"line":27,"column":42},"end":{"line":33,"column":13}},"line":27},"4":{"name":"(anonymous_4)","decl":{"start":{"line":34,"column":12},"end":{"line":34,"column":13}},"loc":{"start":{"line":34,"column":43},"end":{"line":53,"column":13}},"line":34},"5":{"name":"(anonymous_5)","decl":{"start":{"line":37,"column":52},"end":{"line":37,"column":53}},"loc":{"start":{"line":37,"column":74},"end":{"line":47,"column":17}},"line":37},"6":{"name":"(anonymous_6)","decl":{"start":{"line":54,"column":12},"end":{"line":54,"column":13}},"loc":{"start":{"line":54,"column":46},"end":{"line":71,"column":13}},"line":54},"7":{"name":"(anonymous_7)","decl":{"start":{"line":60,"column":52},"end":{"line":60,"column":53}},"loc":{"start":{"line":60,"column":68},"end":{"line":63,"column":17}},"line":60},"8":{"name":"(anonymous_8)","decl":{"start":{"line":74,"column":24},"end":{"line":74,"column":25}},"loc":{"start":{"line":74,"column":30},"end":{"line":74,"column":51}},"line":74},"9":{"name":"(anonymous_9)","decl":{"start":{"line":75,"column":12},"end":{"line":75,"column":13}},"loc":{"start":{"line":75,"column":31},"end":{"line":93,"column":13}},"line":75},"10":{"name":"(anonymous_10)","decl":{"start":{"line":94,"column":12},"end":{"line":94,"column":13}},"loc":{"start":{"line":94,"column":23},"end":{"line":97,"column":13}},"line":94}},"branchMap":{"0":{"loc":{"start":{"line":11,"column":16},"end":{"line":11,"column":83}},"type":"if","locations":[{"start":{"line":11,"column":16},"end":{"line":11,"column":83}},{"start":{},"end":{}}],"line":11},"1":{"loc":{"start":{"line":13,"column":59},"end":{"line":13,"column":115}},"type":"cond-expr","locations":[{"start":{"line":13,"column":72},"end":{"line":13,"column":73}},{"start":{"line":13,"column":77},"end":{"line":13,"column":114}}],"line":13},"2":{"loc":{"start":{"line":20,"column":16},"end":{"line":23,"column":17}},"type":"if","locations":[{"start":{"line":20,"column":16},"end":{"line":23,"column":17}},{"start":{},"end":{}}],"line":20},"3":{"loc":{"start":{"line":20,"column":19},"end":{"line":20,"column":58}},"type":"binary-expr","locations":[{"start":{"line":20,"column":19},"end":{"line":20,"column":34}},{"start":{"line":20,"column":38},"end":{"line":20,"column":58}}],"line":20},"4":{"loc":{"start":{"line":21,"column":20},"end":{"line":21,"column":94}},"type":"if","locations":[{"start":{"line":21,"column":20},"end":{"line":21,"column":94}},{"start":{},"end":{}}],"line":21},"5":{"loc":{"start":{"line":28,"column":44},"end":{"line":28,"column":124}},"type":"cond-expr","locations":[{"start":{"line":28,"column":52},"end":{"line":28,"column":77}},{"start":{"line":28,"column":80},"end":{"line":28,"column":124}}],"line":28},"6":{"loc":{"start":{"line":30,"column":16},"end":{"line":30,"column":78}},"type":"if","locations":[{"start":{"line":30,"column":16},"end":{"line":30,"column":78}},{"start":{},"end":{}}],"line":30},"7":{"loc":{"start":{"line":39,"column":51},"end":{"line":39,"column":64}},"type":"cond-expr","locations":[{"start":{"line":39,"column":59},"end":{"line":39,"column":60}},{"start":{"line":39,"column":63},"end":{"line":39,"column":64}}],"line":39},"8":{"loc":{"start":{"line":40,"column":20},"end":{"line":43,"column":21}},"type":"if","locations":[{"start":{"line":40,"column":20},"end":{"line":43,"column":21}},{"start":{},"end":{}}],"line":40},"9":{"loc":{"start":{"line":61,"column":20},"end":{"line":61,"column":43}},"type":"if","locations":[{"start":{"line":61,"column":20},"end":{"line":61,"column":43}},{"start":{},"end":{}}],"line":61},"10":{"loc":{"start":{"line":67,"column":16},"end":{"line":67,"column":65}},"type":"if","locations":[{"start":{"line":67,"column":16},"end":{"line":67,"column":65}},{"start":{},"end":{}}],"line":67},"11":{"loc":{"start":{"line":68,"column":16},"end":{"line":68,"column":89}},"type":"if","locations":[{"start":{"line":68,"column":16},"end":{"line":68,"column":89}},{"start":{},"end":{}}],"line":68},"12":{"loc":{"start":{"line":68,"column":19},"end":{"line":68,"column":73}},"type":"binary-expr","locations":[{"start":{"line":68,"column":19},"end":{"line":68,"column":34}},{"start":{"line":68,"column":38},"end":{"line":68,"column":43}},{"start":{"line":68,"column":47},"end":{"line":68,"column":73}}],"line":68},"13":{"loc":{"start":{"line":77,"column":16},"end":{"line":86,"column":17}},"type":"if","locations":[{"start":{"line":77,"column":16},"end":{"line":86,"column":17}},{"start":{"line":83,"column":21},"end":{"line":86,"column":17}}],"line":77},"14":{"loc":{"start":{"line":81,"column":20},"end":{"line":81,"column":65}},"type":"if","locations":[{"start":{"line":81,"column":20},"end":{"line":81,"column":65}},{"start":{},"end":{}}],"line":81}},"s":{"0":2,"1":2,"2":18,"3":18,"4":18,"5":36,"6":8,"7":28,"8":28,"9":28,"10":36,"11":36,"12":36,"13":36,"14":0,"15":36,"16":0,"17":36,"18":36,"19":36,"20":9,"21":36,"22":36,"23":36,"24":636,"25":636,"26":130,"27":130,"28":636,"29":36,"30":36,"31":36,"32":0,"33":0,"34":0,"35":0,"36":0,"37":0,"38":0,"39":0,"40":0,"41":0,"42":0,"43":0,"44":0,"45":8,"46":6,"47":2,"48":2,"49":2,"50":2,"51":2,"52":4,"53":4,"54":4,"55":4,"56":4,"57":8,"58":8,"59":18},"f":{"0":18,"1":36,"2":36,"3":36,"4":36,"5":636,"6":0,"7":0,"8":8,"9":6,"10":8},"b":{"0":[8,28],"1":[8,20],"2":[36,0],"3":[36,20],"4":[0,36],"5":[28,8],"6":[9,27],"7":[304,332],"8":[130,506],"9":[0,0],"10":[0,0],"11":[0,0],"12":[0,0,0],"13":[2,4],"14":[2,0]},"_coverageSchema":"1a1c01bbd47fc00a2c39e90264f33305004495a9","hash":"bd90d650fab9b915ad24aef2f9f88f7eac66a595"}
,"/home/rodrigodev/Documentos/check-ticket/src/services.js": {"path":"/home/rodrigodev/Documentos/check-ticket/src/services.js","statementMap":{"0":{"start":{"line":1,"column":20},"end":{"line":1,"column":44}},"1":{"start":{"line":2,"column":14},"end":{"line":2,"column":32}},"2":{"start":{"line":20,"column":0},"end":{"line":53,"column":1}},"3":{"start":{"line":22,"column":21},"end":{"line":26,"column":9}},"4":{"start":{"line":23,"column":24},"end":{"line":23,"column":50}},"5":{"start":{"line":24,"column":29},"end":{"line":24,"column":78}},"6":{"start":{"line":25,"column":40},"end":{"line":25,"column":136}},"7":{"start":{"line":28,"column":8},"end":{"line":28,"column":121}},"8":{"start":{"line":28,"column":84},"end":{"line":28,"column":121}},"9":{"start":{"line":36,"column":12},"end":{"line":36,"column":49}},"10":{"start":{"line":39,"column":8},"end":{"line":39,"column":88}},"11":{"start":{"line":39,"column":40},"end":{"line":39,"column":88}},"12":{"start":{"line":40,"column":8},"end":{"line":40,"column":88}},"13":{"start":{"line":40,"column":40},"end":{"line":40,"column":88}},"14":{"start":{"line":41,"column":8},"end":{"line":41,"column":88}},"15":{"start":{"line":41,"column":40},"end":{"line":41,"column":88}},"16":{"start":{"line":42,"column":8},"end":{"line":42,"column":102}},"17":{"start":{"line":42,"column":54},"end":{"line":42,"column":102}},"18":{"start":{"line":44,"column":29},"end":{"line":44,"column":46}},"19":{"start":{"line":45,"column":8},"end":{"line":45,"column":133}},"20":{"start":{"line":45,"column":34},"end":{"line":45,"column":133}},"21":{"start":{"line":47,"column":8},"end":{"line":51,"column":9}}},"fnMap":{"0":{"name":"(anonymous_0)","decl":{"start":{"line":21,"column":4},"end":{"line":21,"column":5}},"loc":{"start":{"line":21,"column":29},"end":{"line":52,"column":5}},"line":21},"1":{"name":"(anonymous_1)","decl":{"start":{"line":23,"column":18},"end":{"line":23,"column":19}},"loc":{"start":{"line":23,"column":24},"end":{"line":23,"column":50}},"line":23},"2":{"name":"(anonymous_2)","decl":{"start":{"line":24,"column":18},"end":{"line":24,"column":19}},"loc":{"start":{"line":24,"column":29},"end":{"line":24,"column":78}},"line":24},"3":{"name":"(anonymous_3)","decl":{"start":{"line":25,"column":18},"end":{"line":25,"column":19}},"loc":{"start":{"line":25,"column":40},"end":{"line":25,"column":136}},"line":25}},"branchMap":{"0":{"loc":{"start":{"line":28,"column":8},"end":{"line":28,"column":121}},"type":"if","locations":[{"start":{"line":28,"column":8},"end":{"line":28,"column":121}},{"start":{},"end":{}}],"line":28},"1":{"loc":{"start":{"line":28,"column":11},"end":{"line":28,"column":82}},"type":"binary-expr","locations":[{"start":{"line":28,"column":11},"end":{"line":28,"column":38}},{"start":{"line":28,"column":42},"end":{"line":28,"column":82}}],"line":28},"2":{"loc":{"start":{"line":39,"column":8},"end":{"line":39,"column":88}},"type":"if","locations":[{"start":{"line":39,"column":8},"end":{"line":39,"column":88}},{"start":{},"end":{}}],"line":39},"3":{"loc":{"start":{"line":40,"column":8},"end":{"line":40,"column":88}},"type":"if","locations":[{"start":{"line":40,"column":8},"end":{"line":40,"column":88}},{"start":{},"end":{}}],"line":40},"4":{"loc":{"start":{"line":41,"column":8},"end":{"line":41,"column":88}},"type":"if","locations":[{"start":{"line":41,"column":8},"end":{"line":41,"column":88}},{"start":{},"end":{}}],"line":41},"5":{"loc":{"start":{"line":42,"column":8},"end":{"line":42,"column":102}},"type":"if","locations":[{"start":{"line":42,"column":8},"end":{"line":42,"column":102}},{"start":{},"end":{}}],"line":42},"6":{"loc":{"start":{"line":42,"column":11},"end":{"line":42,"column":52}},"type":"binary-expr","locations":[{"start":{"line":42,"column":11},"end":{"line":42,"column":21}},{"start":{"line":42,"column":25},"end":{"line":42,"column":52}}],"line":42},"7":{"loc":{"start":{"line":45,"column":8},"end":{"line":45,"column":133}},"type":"if","locations":[{"start":{"line":45,"column":8},"end":{"line":45,"column":133}},{"start":{},"end":{}}],"line":45}},"s":{"0":1,"1":1,"2":1,"3":4,"4":0,"5":0,"6":0,"7":4,"8":0,"9":4,"10":4,"11":0,"12":4,"13":0,"14":4,"15":0,"16":4,"17":0,"18":4,"19":4,"20":0,"21":4},"f":{"0":4,"1":0,"2":0,"3":0},"b":{"0":[0,4],"1":[4,4],"2":[0,4],"3":[0,4],"4":[0,4],"5":[0,4],"6":[4,2],"7":[0,4]},"_coverageSchema":"1a1c01bbd47fc00a2c39e90264f33305004495a9","hash":"348e2455512fe7693e6eea15e02c157ec9727682"}
,"/home/rodrigodev/Documentos/check-ticket/src/utils.js": {"path":"/home/rodrigodev/Documentos/check-ticket/src/utils.js","statementMap":{"0":{"start":{"line":1,"column":0},"end":{"line":63,"column":1}},"1":{"start":{"line":2,"column":20},"end":{"line":2,"column":42}},"2":{"start":{"line":4,"column":8},"end":{"line":4,"column":61}},"3":{"start":{"line":7,"column":8},"end":{"line":10,"column":9}},"4":{"start":{"line":8,"column":12},"end":{"line":8,"column":26}},"5":{"start":{"line":9,"column":12},"end":{"line":9,"column":28}},"6":{"start":{"line":11,"column":8},"end":{"line":11,"column":64}},"7":{"start":{"line":11,"column":39},"end":{"line":11,"column":64}},"8":{"start":{"line":12,"column":20},"end":{"line":12,"column":38}},"9":{"start":{"line":13,"column":8},"end":{"line":13,"column":34}},"10":{"start":{"line":13,"column":17},"end":{"line":13,"column":34}},"11":{"start":{"line":14,"column":8},"end":{"line":14,"column":19}},"12":{"start":{"line":17,"column":21},"end":{"line":17,"column":41}},"13":{"start":{"line":19,"column":39},"end":{"line":50,"column":9}},"14":{"start":{"line":21,"column":30},"end":{"line":26,"column":52}},"15":{"start":{"line":28,"column":16},"end":{"line":35,"column":17}},"16":{"start":{"line":38,"column":42},"end":{"line":38,"column":58}},"17":{"start":{"line":39,"column":30},"end":{"line":39,"column":94}},"18":{"start":{"line":39,"column":61},"end":{"line":39,"column":93}},"19":{"start":{"line":41,"column":16},"end":{"line":48,"column":17}},"20":{"start":{"line":52,"column":21},"end":{"line":52,"column":51}},"21":{"start":{"line":53,"column":8},"end":{"line":53,"column":114}},"22":{"start":{"line":53,"column":77},"end":{"line":53,"column":113}},"23":{"start":{"line":54,"column":8},"end":{"line":59,"column":9}},"24":{"start":{"line":61,"column":8},"end":{"line":61,"column":19}}},"fnMap":{"0":{"name":"(anonymous_0)","decl":{"start":{"line":2,"column":14},"end":{"line":2,"column":15}},"loc":{"start":{"line":2,"column":20},"end":{"line":2,"column":42}},"line":2},"1":{"name":"(anonymous_1)","decl":{"start":{"line":3,"column":4},"end":{"line":3,"column":5}},"loc":{"start":{"line":3,"column":21},"end":{"line":5,"column":5}},"line":3},"2":{"name":"(anonymous_2)","decl":{"start":{"line":6,"column":4},"end":{"line":6,"column":5}},"loc":{"start":{"line":6,"column":34},"end":{"line":15,"column":5}},"line":6},"3":{"name":"(anonymous_3)","decl":{"start":{"line":16,"column":4},"end":{"line":16,"column":5}},"loc":{"start":{"line":16,"column":41},"end":{"line":62,"column":5}},"line":16},"4":{"name":"(anonymous_4)","decl":{"start":{"line":20,"column":12},"end":{"line":20,"column":13}},"loc":{"start":{"line":20,"column":16},"end":{"line":36,"column":13}},"line":20},"5":{"name":"(anonymous_5)","decl":{"start":{"line":37,"column":12},"end":{"line":37,"column":13}},"loc":{"start":{"line":37,"column":16},"end":{"line":49,"column":13}},"line":37},"6":{"name":"(anonymous_6)","decl":{"start":{"line":39,"column":51},"end":{"line":39,"column":52}},"loc":{"start":{"line":39,"column":61},"end":{"line":39,"column":93}},"line":39},"7":{"name":"(anonymous_7)","decl":{"start":{"line":53,"column":67},"end":{"line":53,"column":68}},"loc":{"start":{"line":53,"column":77},"end":{"line":53,"column":113}},"line":53}},"branchMap":{"0":{"loc":{"start":{"line":4,"column":15},"end":{"line":4,"column":61}},"type":"binary-expr","locations":[{"start":{"line":4,"column":15},"end":{"line":4,"column":35}},{"start":{"line":4,"column":39},"end":{"line":4,"column":61}}],"line":4},"1":{"loc":{"start":{"line":7,"column":8},"end":{"line":10,"column":9}},"type":"if","locations":[{"start":{"line":7,"column":8},"end":{"line":10,"column":9}},{"start":{},"end":{}}],"line":7},"2":{"loc":{"start":{"line":7,"column":11},"end":{"line":7,"column":27}},"type":"binary-expr","locations":[{"start":{"line":7,"column":11},"end":{"line":7,"column":15}},{"start":{"line":7,"column":19},"end":{"line":7,"column":27}}],"line":7},"3":{"loc":{"start":{"line":11,"column":8},"end":{"line":11,"column":64}},"type":"if","locations":[{"start":{"line":11,"column":8},"end":{"line":11,"column":64}},{"start":{},"end":{}}],"line":11},"4":{"loc":{"start":{"line":13,"column":8},"end":{"line":13,"column":34}},"type":"if","locations":[{"start":{"line":13,"column":8},"end":{"line":13,"column":34}},{"start":{},"end":{}}],"line":13}},"s":{"0":2,"1":4,"2":2,"3":0,"4":0,"5":0,"6":0,"7":0,"8":0,"9":0,"10":0,"11":0,"12":18,"13":18,"14":10,"15":10,"16":8,"17":8,"18":384,"19":8,"20":18,"21":18,"22":792,"23":18,"24":18},"f":{"0":4,"1":2,"2":0,"3":18,"4":10,"5":8,"6":384,"7":792},"b":{"0":[2,2],"1":[0,0],"2":[0,0],"3":[0,0],"4":[0,0]},"_coverageSchema":"1a1c01bbd47fc00a2c39e90264f33305004495a9","hash":"7827fa2da92c862c6a472055123b55144dab3078"}
}
