TN:
SF:src/controllers.js
FN:4,(anonymous_0)
FN:10,(anonymous_1)
FN:16,(anonymous_2)
FN:27,(anonymous_3)
FN:34,(anonymous_4)
FN:37,(anonymous_5)
FN:54,(anonymous_6)
FN:60,(anonymous_7)
FN:74,(anonymous_8)
FN:75,(anonymous_9)
FN:94,(anonymous_10)
FNF:11
FNH:9
FNDA:18,(anonymous_0)
FNDA:36,(anonymous_1)
FNDA:36,(anonymous_2)
FNDA:36,(anonymous_3)
FNDA:36,(anonymous_4)
FNDA:636,(anonymous_5)
FNDA:0,(anonymous_6)
FNDA:0,(anonymous_7)
FNDA:8,(anonymous_8)
FNDA:6,(anonymous_9)
FNDA:8,(anonymous_10)
DA:1,2
DA:3,2
DA:5,18
DA:6,18
DA:8,18
DA:11,36
DA:12,28
DA:13,28
DA:14,28
DA:17,36
DA:18,36
DA:20,36
DA:21,36
DA:22,36
DA:25,0
DA:28,36
DA:29,36
DA:30,36
DA:32,36
DA:35,36
DA:37,36
DA:39,636
DA:40,636
DA:41,130
DA:42,130
DA:45,636
DA:49,36
DA:50,36
DA:52,36
DA:55,0
DA:57,0
DA:58,0
DA:60,0
DA:61,0
DA:62,0
DA:66,0
DA:67,0
DA:68,0
DA:70,0
DA:74,8
DA:77,6
DA:78,2
DA:79,2
DA:80,2
DA:81,2
DA:84,4
DA:85,4
DA:88,4
DA:89,4
DA:91,4
DA:95,8
DA:96,8
DA:99,18
LF:53
LH:42
BRDA:11,0,0,8
BRDA:11,0,1,28
BRDA:13,1,0,8
BRDA:13,1,1,20
BRDA:20,2,0,36
BRDA:20,2,1,0
BRDA:20,3,0,36
BRDA:20,3,1,20
BRDA:21,4,0,0
BRDA:21,4,1,36
BRDA:28,5,0,28
BRDA:28,5,1,8
BRDA:30,6,0,9
BRDA:30,6,1,27
BRDA:39,7,0,304
BRDA:39,7,1,332
BRDA:40,8,0,130
BRDA:40,8,1,506
BRDA:61,9,0,0
BRDA:61,9,1,0
BRDA:67,10,0,0
BRDA:67,10,1,0
BRDA:68,11,0,0
BRDA:68,11,1,0
BRDA:68,12,0,0
BRDA:68,12,1,0
BRDA:68,12,2,0
BRDA:77,13,0,2
BRDA:77,13,1,4
BRDA:81,14,0,2
BRDA:81,14,1,0
BRF:31
BRH:19
end_of_record
TN:
SF:src/services.js
FN:21,(anonymous_0)
FN:23,(anonymous_1)
FN:24,(anonymous_2)
FN:25,(anonymous_3)
FNF:4
FNH:1
FNDA:4,(anonymous_0)
FNDA:0,(anonymous_1)
FNDA:0,(anonymous_2)
FNDA:0,(anonymous_3)
DA:1,1
DA:2,1
DA:20,1
DA:22,4
DA:23,0
DA:24,0
DA:25,0
DA:28,4
DA:36,4
DA:39,4
DA:40,4
DA:41,4
DA:42,4
DA:44,4
DA:45,4
DA:47,4
LF:16
LH:13
BRDA:28,0,0,0
BRDA:28,0,1,4
BRDA:28,1,0,4
BRDA:28,1,1,4
BRDA:39,2,0,0
BRDA:39,2,1,4
BRDA:40,3,0,0
BRDA:40,3,1,4
BRDA:41,4,0,0
BRDA:41,4,1,4
BRDA:42,5,0,0
BRDA:42,5,1,4
BRDA:42,6,0,4
BRDA:42,6,1,2
BRDA:45,7,0,0
BRDA:45,7,1,4
BRF:16
BRH:10
end_of_record
TN:
SF:src/utils.js
FN:2,(anonymous_0)
FN:3,(anonymous_1)
FN:6,(anonymous_2)
FN:16,(anonymous_3)
FN:20,(anonymous_4)
FN:37,(anonymous_5)
FN:39,(anonymous_6)
FN:53,(anonymous_7)
FNF:8
FNH:7
FNDA:4,(anonymous_0)
FNDA:2,(anonymous_1)
FNDA:0,(anonymous_2)
FNDA:18,(anonymous_3)
FNDA:10,(anonymous_4)
FNDA:8,(anonymous_5)
FNDA:384,(anonymous_6)
FNDA:792,(anonymous_7)
DA:1,2
DA:2,4
DA:4,2
DA:7,0
DA:8,0
DA:9,0
DA:11,0
DA:12,0
DA:13,0
DA:14,0
DA:17,18
DA:19,18
DA:21,10
DA:28,10
DA:38,8
DA:39,384
DA:41,8
DA:52,18
DA:53,792
DA:54,18
DA:61,18
LF:21
LH:14
BRDA:4,0,0,2
BRDA:4,0,1,2
BRDA:7,1,0,0
BRDA:7,1,1,0
BRDA:7,2,0,0
BRDA:7,2,1,0
BRDA:11,3,0,0
BRDA:11,3,1,0
BRDA:13,4,0,0
BRDA:13,4,1,0
BRF:10
BRH:2
end_of_record
